2020-03-27 12:10:45,831 INFO cz.trask.vaclavek.greetings.GreetingsApplication [restartedMain] Starting GreetingsApplication on MichalV-ntb with PID 18296 (C:\eclipse2\eclipse-EE-workspace\greetings\greetings\target\classes started by Michal in C:\eclipse2\eclipse-EE-workspace\greetings\greetings)
2020-03-27 12:10:45,839 DEBUG cz.trask.vaclavek.greetings.GreetingsApplication [restartedMain] Running with Spring Boot v2.2.5.RELEASE, Spring v5.2.4.RELEASE
2020-03-27 12:10:45,839 INFO cz.trask.vaclavek.greetings.GreetingsApplication [restartedMain] No active profile set, falling back to default profiles: default
2020-03-27 12:10:47,365 INFO org.apache.catalina.core.StandardService [restartedMain] Starting service [Tomcat]
2020-03-27 12:10:47,366 INFO org.apache.catalina.core.StandardEngine [restartedMain] Starting Servlet engine: [Apache Tomcat/9.0.31]
2020-03-27 12:10:47,479 INFO org.apache.catalina.core.ContainerBase.[Tomcat].[localhost].[/] [restartedMain] Initializing Spring embedded WebApplicationContext
2020-03-27 12:10:48,044 INFO cz.trask.vaclavek.greetings.GreetingsApplication [restartedMain] Started GreetingsApplication in 2.727 seconds (JVM running for 4.943)
2020-03-27 12:53:33,743 INFO cz.trask.vaclavek.greetings.GreetingsApplication [restartedMain] Starting GreetingsApplication on MichalV-ntb with PID 12228 (C:\eclipse2\eclipse-EE-workspace\greetings\greetings\target\classes started by Michal in C:\eclipse2\eclipse-EE-workspace\greetings\greetings)
2020-03-27 12:53:33,750 DEBUG cz.trask.vaclavek.greetings.GreetingsApplication [restartedMain] Running with Spring Boot v2.2.5.RELEASE, Spring v5.2.4.RELEASE
2020-03-27 12:53:33,750 INFO cz.trask.vaclavek.greetings.GreetingsApplication [restartedMain] The following profiles are active: prod
2020-03-27 12:53:36,218 INFO cz.trask.vaclavek.greetings.GreetingsApplication [restartedMain] Started GreetingsApplication in 3.183 seconds (JVM running for 5.499)
2020-03-27 12:53:53,727 INFO cz.trask.vaclavek.greetings.controller.GreetingsController [http-nio-8080-exec-1] Time insensitive greeting retrieved: Ahoj
2020-03-27 12:54:56,302 INFO cz.trask.vaclavek.greetings.controller.GreetingsController [http-nio-8080-exec-3] Time insensitive greeting retrieved: Hello US
2020-03-27 12:55:15,053 INFO cz.trask.vaclavek.greetings.controller.GreetingsController [http-nio-8080-exec-4] Time sensitive greeting retrieved: Good evening US
2020-03-27 12:56:12,193 INFO cz.trask.vaclavek.greetings.GreetingsApplication [restartedMain] Starting GreetingsApplication on MichalV-ntb with PID 12228 (C:\eclipse2\eclipse-EE-workspace\greetings\greetings\target\classes started by Michal in C:\eclipse2\eclipse-EE-workspace\greetings\greetings)
2020-03-27 12:56:12,194 DEBUG cz.trask.vaclavek.greetings.GreetingsApplication [restartedMain] Running with Spring Boot v2.2.5.RELEASE, Spring v5.2.4.RELEASE
2020-03-27 12:56:12,194 INFO cz.trask.vaclavek.greetings.GreetingsApplication [restartedMain] The following profiles are active: prod
2020-03-27 12:56:12,952 INFO cz.trask.vaclavek.greetings.GreetingsApplication [restartedMain] Started GreetingsApplication in 0.842 seconds (JVM running for 162.231)
2020-03-27 12:59:12,544 INFO cz.trask.vaclavek.greetings.GreetingsApplication [restartedMain] Starting GreetingsApplication on MichalV-ntb with PID 19720 (C:\eclipse2\eclipse-EE-workspace\greetings\greetings\target\classes started by Michal in C:\eclipse2\eclipse-EE-workspace\greetings\greetings)
2020-03-27 12:59:12,552 DEBUG cz.trask.vaclavek.greetings.GreetingsApplication [restartedMain] Running with Spring Boot v2.2.5.RELEASE, Spring v5.2.4.RELEASE
2020-03-27 12:59:12,552 INFO cz.trask.vaclavek.greetings.GreetingsApplication [restartedMain] The following profiles are active: prod
2020-03-27 12:59:12,627 INFO org.springframework.boot.devtools.env.DevToolsPropertyDefaultsPostProcessor [restartedMain] Devtools property defaults active! Set 'spring.devtools.add-properties' to 'false' to disable
2020-03-27 12:59:12,627 INFO org.springframework.boot.devtools.env.DevToolsPropertyDefaultsPostProcessor [restartedMain] For additional web related logging consider setting the 'logging.level.web' property to 'DEBUG'
2020-03-27 12:59:14,195 INFO org.springframework.boot.web.embedded.tomcat.TomcatWebServer [restartedMain] Tomcat initialized with port(s): 8080 (http)
2020-03-27 12:59:14,336 INFO org.springframework.web.context.ContextLoader [restartedMain] Root WebApplicationContext: initialization completed in 1709 ms
2020-03-27 12:59:14,676 INFO org.springframework.scheduling.concurrent.ThreadPoolTaskExecutor [restartedMain] Initializing ExecutorService 'applicationTaskExecutor'
2020-03-27 12:59:14,900 INFO org.springframework.boot.devtools.autoconfigure.OptionalLiveReloadServer [restartedMain] LiveReload server is running on port 35729
2020-03-27 12:59:14,975 INFO org.springframework.boot.web.embedded.tomcat.TomcatWebServer [restartedMain] Tomcat started on port(s): 8080 (http) with context path ''
2020-03-27 12:59:14,983 INFO cz.trask.vaclavek.greetings.GreetingsApplication [restartedMain] Started GreetingsApplication in 3.216 seconds (JVM running for 5.621)
2020-03-27 12:59:20,073 INFO org.springframework.web.servlet.DispatcherServlet [http-nio-8080-exec-2] Initializing Servlet 'dispatcherServlet'
2020-03-27 12:59:20,082 INFO org.springframework.web.servlet.DispatcherServlet [http-nio-8080-exec-2] Completed initialization in 8 ms
2020-03-27 12:59:20,135 ERROR cz.trask.vaclavek.greetings.controller.GreetingsController [http-nio-8080-exec-2] Missing 'lang' parameter in REST request.
2020-03-27 12:59:20,250 WARN org.springframework.web.servlet.mvc.method.annotation.ExceptionHandlerExceptionResolver [http-nio-8080-exec-2] Resolved [cz.trask.vaclavek.greetings.errors.InvalidParameterException: Invalid value '' or missing parameter 'lang'.]
